mode: set
kafka-topic-analysis/mathematicalfunctions/mathematicalFunctions.go:11.67,14.26 3 1
kafka-topic-analysis/mathematicalfunctions/mathematicalFunctions.go:22.2,22.17 1 1
kafka-topic-analysis/mathematicalfunctions/mathematicalFunctions.go:14.26,15.18 1 1
kafka-topic-analysis/mathematicalfunctions/mathematicalFunctions.go:18.3,18.18 1 1
kafka-topic-analysis/mathematicalfunctions/mathematicalFunctions.go:15.18,17.4 1 1
kafka-topic-analysis/mathematicalfunctions/mathematicalFunctions.go:18.18,20.4 1 1
kafka-topic-analysis/mathematicalfunctions/mathematicalFunctions.go:26.51,29.26 3 1
kafka-topic-analysis/mathematicalfunctions/mathematicalFunctions.go:37.2,37.17 1 1
kafka-topic-analysis/mathematicalfunctions/mathematicalFunctions.go:29.26,30.18 1 1
kafka-topic-analysis/mathematicalfunctions/mathematicalFunctions.go:33.3,33.18 1 1
kafka-topic-analysis/mathematicalfunctions/mathematicalFunctions.go:30.18,32.4 1 1
kafka-topic-analysis/mathematicalfunctions/mathematicalFunctions.go:33.18,35.4 1 1
kafka-topic-analysis/mathematicalfunctions/mathematicalFunctions.go:41.59,45.2 2 1
kafka-topic-analysis/mathematicalfunctions/mathematicalFunctions.go:47.56,51.2 2 1
kafka-topic-analysis/mathematicalfunctions/mathematicalFunctions.go:53.72,59.2 4 1
kafka-topic-analysis/mathematicalfunctions/mathematicalFunctions.go:62.42,63.20 1 1
kafka-topic-analysis/mathematicalfunctions/mathematicalFunctions.go:66.2,66.25 1 1
kafka-topic-analysis/mathematicalfunctions/mathematicalFunctions.go:69.2,69.34 1 1
kafka-topic-analysis/mathematicalfunctions/mathematicalFunctions.go:63.20,65.3 1 1
kafka-topic-analysis/mathematicalfunctions/mathematicalFunctions.go:66.25,68.3 1 1
kafka-topic-analysis/mathematicalfunctions/mathematicalFunctions.go:73.46,74.20 1 1
kafka-topic-analysis/mathematicalfunctions/mathematicalFunctions.go:78.2,83.12 5 1
kafka-topic-analysis/mathematicalfunctions/mathematicalFunctions.go:90.2,90.15 1 1
kafka-topic-analysis/mathematicalfunctions/mathematicalFunctions.go:74.20,76.3 1 1
kafka-topic-analysis/mathematicalfunctions/mathematicalFunctions.go:83.12,85.3 1 0
kafka-topic-analysis/mathematicalfunctions/mathematicalFunctions.go:85.8,85.21 1 1
kafka-topic-analysis/mathematicalfunctions/mathematicalFunctions.go:85.21,87.3 1 0
kafka-topic-analysis/mathematicalfunctions/mathematicalFunctions.go:87.8,89.3 1 1
kafka-topic-analysis/mathematicalfunctions/mathematicalFunctions.go:95.42,96.20 1 1
kafka-topic-analysis/mathematicalfunctions/mathematicalFunctions.go:100.2,103.25 4 1
kafka-topic-analysis/mathematicalfunctions/mathematicalFunctions.go:110.2,110.15 1 1
kafka-topic-analysis/mathematicalfunctions/mathematicalFunctions.go:96.20,98.3 1 1
kafka-topic-analysis/mathematicalfunctions/mathematicalFunctions.go:103.25,105.52 2 1
kafka-topic-analysis/mathematicalfunctions/mathematicalFunctions.go:105.52,108.4 2 1
kafka-topic-analysis/mathematicalfunctions/mathematicalFunctions.go:115.54,116.20 1 1
kafka-topic-analysis/mathematicalfunctions/mathematicalFunctions.go:120.2,121.25 2 1
kafka-topic-analysis/mathematicalfunctions/mathematicalFunctions.go:124.2,125.12 2 1
kafka-topic-analysis/mathematicalfunctions/mathematicalFunctions.go:116.20,118.3 1 1
kafka-topic-analysis/mathematicalfunctions/mathematicalFunctions.go:121.25,123.3 1 1
kafka-topic-analysis/model/in_iot_vessel_sensor_oktopus_yoctopuce_gyroscope.go:45.94,47.2 1 1
kafka-topic-analysis/model/in_iot_vessel_sensor_oktopus_yoctopuce_gyroscope.go:49.24,52.2 2 1
kafka-topic-analysis/model/in_iot_vessel_sensor_oktopus_yoctopuce_gyroscope.go:54.65,56.16 2 1
kafka-topic-analysis/model/in_iot_vessel_sensor_oktopus_yoctopuce_gyroscope.go:60.2,61.6 2 1
kafka-topic-analysis/model/in_iot_vessel_sensor_oktopus_yoctopuce_gyroscope.go:71.2,71.12 1 1
kafka-topic-analysis/model/in_iot_vessel_sensor_oktopus_yoctopuce_gyroscope.go:56.16,59.3 2 0
kafka-topic-analysis/model/in_iot_vessel_sensor_oktopus_yoctopuce_gyroscope.go:61.6,63.41 2 1
kafka-topic-analysis/model/in_iot_vessel_sensor_oktopus_yoctopuce_gyroscope.go:69.3,69.33 1 1
kafka-topic-analysis/model/in_iot_vessel_sensor_oktopus_yoctopuce_gyroscope.go:63.41,64.9 1 1
kafka-topic-analysis/model/in_iot_vessel_sensor_oktopus_yoctopuce_gyroscope.go:65.9,65.24 1 1
kafka-topic-analysis/model/in_iot_vessel_sensor_oktopus_yoctopuce_gyroscope.go:65.24,68.4 2 0
kafka-topic-analysis/model/in_iot_vessel_sensor_oktopus_yoctopuce_gyroscope.go:74.66,76.35 2 1
kafka-topic-analysis/model/in_iot_vessel_sensor_oktopus_yoctopuce_gyroscope.go:79.2,79.17 1 1
kafka-topic-analysis/model/in_iot_vessel_sensor_oktopus_yoctopuce_gyroscope.go:76.35,78.3 1 1
kafka-topic-analysis/model/in_iot_vessel_sensor_oktopus_yoctopuce_gyroscope.go:82.60,84.35 2 1
kafka-topic-analysis/model/in_iot_vessel_sensor_oktopus_yoctopuce_gyroscope.go:87.2,87.17 1 1
kafka-topic-analysis/model/in_iot_vessel_sensor_oktopus_yoctopuce_gyroscope.go:84.35,86.3 1 1
kafka-topic-analysis/model/in_iot_vessel_sensor_oktopus_yoctopuce_gyroscope.go:90.57,92.35 2 1
kafka-topic-analysis/model/in_iot_vessel_sensor_oktopus_yoctopuce_gyroscope.go:95.2,95.17 1 1
kafka-topic-analysis/model/in_iot_vessel_sensor_oktopus_yoctopuce_gyroscope.go:92.35,94.3 1 1
kafka-topic-analysis/model/in_iot_vessel_sensor_oktopus_yoctopuce_gyroscope.go:98.65,100.35 2 1
kafka-topic-analysis/model/in_iot_vessel_sensor_oktopus_yoctopuce_gyroscope.go:103.2,103.17 1 1
kafka-topic-analysis/model/in_iot_vessel_sensor_oktopus_yoctopuce_gyroscope.go:100.35,102.3 1 1
kafka-topic-analysis/model/in_iot_vessel_sensor_oktopus_yoctopuce_gyroscope.go:106.58,108.35 2 1
kafka-topic-analysis/model/in_iot_vessel_sensor_oktopus_yoctopuce_gyroscope.go:111.2,111.17 1 1
kafka-topic-analysis/model/in_iot_vessel_sensor_oktopus_yoctopuce_gyroscope.go:108.35,110.3 1 1
kafka-topic-analysis/model/in_iot_vessel_sensor_oktopus_yoctopuce_gyroscope.go:114.58,116.35 2 1
kafka-topic-analysis/model/in_iot_vessel_sensor_oktopus_yoctopuce_gyroscope.go:120.2,120.17 1 1
kafka-topic-analysis/model/in_iot_vessel_sensor_oktopus_yoctopuce_gyroscope.go:116.35,118.3 1 1
kafka-topic-analysis/model/in_iot_vessel_sensor_oktopus_yoctopuce_gyroscope.go:123.53,125.37 2 1
kafka-topic-analysis/model/in_iot_vessel_sensor_oktopus_yoctopuce_gyroscope.go:129.2,129.19 1 1
kafka-topic-analysis/model/in_iot_vessel_sensor_oktopus_yoctopuce_gyroscope.go:125.37,127.3 1 1
kafka-topic-analysis/model/in_iot_vessel_sensor_oktopus_yoctopuce_gyroscope.go:132.67,134.41 2 1
kafka-topic-analysis/model/in_iot_vessel_sensor_oktopus_yoctopuce_gyroscope.go:138.2,138.18 1 1
kafka-topic-analysis/model/in_iot_vessel_sensor_oktopus_yoctopuce_gyroscope.go:134.41,137.3 2 1
kafka-topic-analysis/model/in_iot_vessel_sensor_oktopus_yoctopuce_gyroscope.go:141.114,143.42 2 1
kafka-topic-analysis/model/in_iot_vessel_sensor_oktopus_yoctopuce_gyroscope.go:155.2,157.30 3 1
kafka-topic-analysis/model/in_iot_vessel_sensor_oktopus_yoctopuce_gyroscope.go:160.2,162.16 3 1
kafka-topic-analysis/model/in_iot_vessel_sensor_oktopus_yoctopuce_gyroscope.go:143.42,153.3 8 1
kafka-topic-analysis/model/in_iot_vessel_sensor_oktopus_yoctopuce_gyroscope.go:157.30,159.3 1 1
